<?xml version="1.0" encoding="UTF-8"?>
<!-- Generated by org.testng.reporters.JUnitReportReporter -->
<testsuite name="com.luowj.test.TestCaces" tests="3" time="0.009" ignored="1" failures="0" timestamp="05 Mar 2019 08:07:49 GMT" skipped="0" hostname="TBN-0R3REM" errors="0">
  <testcase name="testdeme3" time="0.001" classname="com.luowj.test.TestCaces"/>
  <testcase name="testdemo1" time="0.008" classname="com.luowj.test.TestCaces"/>
  <testcase name="testdeme2" time="0.000" classname="com.luowj.test.TestCaces"/>
  <testcase name="test" classname="com.luowj.test.TestCaces">
    <skipped/>
  </testcase> <!-- test -->
</testsuite> <!-- com.luowj.test.TestCaces -->
